TN:
SF:/Users/mac/School/KoalaTea/AddTea.js
FN:34,(anonymous_0)
FN:35,AddTea
FN:44,(anonymous_2)
FN:63,(anonymous_3)
FN:77,(anonymous_4)
FN:82,render
FN:92,onChangeText
FN:101,onChangeText
FN:110,onChangeText
FN:117,onPress
FNF:10
FNH:5
FNDA:1,(anonymous_0)
FNDA:2,AddTea
FNDA:7,(anonymous_2)
FNDA:2,(anonymous_3)
FNDA:0,(anonymous_4)
FNDA:3,render
FNDA:0,onChangeText
FNDA:0,onChangeText
FNDA:0,onChangeText
FNDA:0,onPress
DA:1,1
DA:2,1
DA:3,1
DA:5,1
DA:34,1
DA:35,2
DA:36,2
DA:45,7
DA:46,1
DA:47,6
DA:48,1
DA:49,5
DA:50,1
DA:51,4
DA:52,2
DA:53,2
DA:54,1
DA:55,1
DA:56,0
DA:58,1
DA:60,6
DA:61,2
DA:64,2
DA:65,1
DA:70,1
DA:71,1
DA:72,1
DA:76,1
DA:77,1
DA:78,0
DA:79,0
DA:82,2
DA:84,3
DA:85,3
DA:92,0
DA:101,0
DA:110,0
DA:117,0
DA:121,1
LF:39
LH:32
BRDA:45,0,0,1
BRDA:45,0,1,6
BRDA:47,1,0,1
BRDA:47,1,1,5
BRDA:49,2,0,1
BRDA:49,2,1,4
BRDA:51,3,0,2
BRDA:51,3,1,2
BRDA:51,4,0,4
BRDA:51,4,1,4
BRDA:53,5,0,1
BRDA:53,5,1,1
BRDA:55,6,0,0
BRDA:55,6,1,1
BRDA:55,7,0,1
BRDA:55,7,1,1
BRDA:64,8,0,1
BRDA:64,8,1,1
BRF:18
BRH:17
end_of_record
TN:
SF:/Users/mac/School/KoalaTea/socketUtil.js
FN:8,toByteArray
FN:17,isEmpty
FN:25,createSocket
FN:30,send
FN:32,(anonymous_4)
FN:38,listen
FN:39,(anonymous_6)
FNF:7
FNH:0
FNDA:0,toByteArray
FNDA:0,isEmpty
FNDA:0,createSocket
FNDA:0,send
FNDA:0,(anonymous_4)
FNDA:0,listen
FNDA:0,(anonymous_6)
DA:1,1
DA:4,1
DA:5,1
DA:6,1
DA:9,0
DA:10,0
DA:11,0
DA:14,0
DA:18,0
DA:19,0
DA:20,0
DA:22,0
DA:26,0
DA:27,0
DA:31,0
DA:32,0
DA:33,0
DA:34,0
DA:39,0
DA:40,0
DA:41,0
DA:42,0
DA:43,0
DA:44,0
DA:45,0
DA:46,0
DA:48,0
LF:27
LH:4
BRDA:19,0,0,0
BRDA:19,0,1,0
BRDA:33,1,0,0
BRDA:33,1,1,0
BRDA:43,2,0,0
BRDA:43,2,1,0
BRDA:45,3,0,0
BRDA:45,3,1,0
BRF:8
BRH:0
end_of_record
